<?xml version="1.0" encoding="UTF-8"?>
<coverage generated="1764950807701" clover="3.2.0">
  <project timestamp="1764950807702" name="All files">
    <metrics statements="79" coveredstatements="67" conditionals="43" coveredconditionals="33" methods="34" coveredmethods="26" elements="156" coveredelements="126" complexity="0" loc="79" ncloc="79" packages="9" files="13" classes="13"/>
    <package name="src">
      <metrics statements="3" coveredstatements="0" conditionals="0" coveredconditionals="0" methods="1" coveredmethods="0"/>
      <file name="App.jsx" path="C:\Users\User\Desktop\Projects\JS24\Termin-3\CD_CI\individuell-examination-main\strajk-bowling\src\App.jsx">
        <metrics statements="1" coveredstatements="0" conditionals="0" coveredconditionals="0" methods="1" coveredmethods="0"/>
        <line num="8" count="0" type="stmt"/>
      </file>
      <file name="main.jsx" path="C:\Users\User\Desktop\Projects\JS24\Termin-3\CD_CI\individuell-examination-main\strajk-bowling\src\main.jsx">
        <metrics statements="1" coveredstatements="0" conditionals="0" coveredconditionals="0" methods="0" coveredmethods="0"/>
        <line num="6" count="0" type="stmt"/>
      </file>
      <file name="router.jsx" path="C:\Users\User\Desktop\Projects\JS24\Termin-3\CD_CI\individuell-examination-main\strajk-bowling\src\router.jsx">
        <metrics statements="1" coveredstatements="0" conditionals="0" coveredconditionals="0" methods="0" coveredmethods="0"/>
        <line num="6" count="0" type="stmt"/>
      </file>
    </package>
    <package name="src.__tests__.mocks">
      <metrics statements="6" coveredstatements="5" conditionals="1" coveredconditionals="0" methods="2" coveredmethods="1"/>
      <file name="handlers.js" path="C:\Users\User\Desktop\Projects\JS24\Termin-3\CD_CI\individuell-examination-main\strajk-bowling\src\__tests__\mocks\handlers.js">
        <metrics statements="5" coveredstatements="4" conditionals="1" coveredconditionals="0" methods="2" coveredmethods="1"/>
        <line num="4" count="4" type="stmt"/>
        <line num="6" count="4" type="stmt"/>
        <line num="8" count="3" type="stmt"/>
        <line num="22" count="4" type="cond" truecount="0" falsecount="1"/>
        <line num="23" count="0" type="stmt"/>
      </file>
      <file name="server.js" path="C:\Users\User\Desktop\Projects\JS24\Termin-3\CD_CI\individuell-examination-main\strajk-bowling\src\__tests__\mocks\server.js">
        <metrics statements="1" coveredstatements="1" conditionals="0" coveredconditionals="0" methods="0" coveredmethods="0"/>
        <line num="4" count="4" type="stmt"/>
      </file>
    </package>
    <package name="src.components.BookingInfo">
      <metrics statements="1" coveredstatements="1" conditionals="0" coveredconditionals="0" methods="1" coveredmethods="1"/>
      <file name="BookingInfo.jsx" path="C:\Users\User\Desktop\Projects\JS24\Termin-3\CD_CI\individuell-examination-main\strajk-bowling\src\components\BookingInfo\BookingInfo.jsx">
        <metrics statements="1" coveredstatements="1" conditionals="0" coveredconditionals="0" methods="1" coveredmethods="1"/>
        <line num="6" count="73" type="stmt"/>
      </file>
    </package>
    <package name="src.components.ErrorMessage">
      <metrics statements="1" coveredstatements="1" conditionals="0" coveredconditionals="0" methods="1" coveredmethods="1"/>
      <file name="ErrorMessage.jsx" path="C:\Users\User\Desktop\Projects\JS24\Termin-3\CD_CI\individuell-examination-main\strajk-bowling\src\components\ErrorMessage\ErrorMessage.jsx">
        <metrics statements="1" coveredstatements="1" conditionals="0" coveredconditionals="0" methods="1" coveredmethods="1"/>
        <line num="4" count="6" type="stmt"/>
      </file>
    </package>
    <package name="src.components.Input">
      <metrics statements="2" coveredstatements="2" conditionals="4" coveredconditionals="4" methods="1" coveredmethods="1"/>
      <file name="Input.jsx" path="C:\Users\User\Desktop\Projects\JS24\Termin-3\CD_CI\individuell-examination-main\strajk-bowling\src\components\Input\Input.jsx">
        <metrics statements="2" coveredstatements="2" conditionals="4" coveredconditionals="4" methods="1" coveredmethods="1"/>
        <line num="13" count="368" type="stmt"/>
        <line num="14" count="368" type="stmt"/>
      </file>
    </package>
    <package name="src.components.Navigation">
      <metrics statements="6" coveredstatements="3" conditionals="6" coveredconditionals="3" methods="4" coveredmethods="1"/>
      <file name="Navigation.jsx" path="C:\Users\User\Desktop\Projects\JS24\Termin-3\CD_CI\individuell-examination-main\strajk-bowling\src\components\Navigation\Navigation.jsx">
        <metrics statements="6" coveredstatements="3" conditionals="6" coveredconditionals="3" methods="4" coveredmethods="1"/>
        <line num="7" count="75" type="stmt"/>
        <line num="8" count="75" type="stmt"/>
        <line num="10" count="75" type="stmt"/>
        <line num="13" count="0" type="stmt"/>
        <line num="15" count="0" type="stmt"/>
        <line num="17" count="0" type="stmt"/>
      </file>
    </package>
    <package name="src.components.Shoes">
      <metrics statements="7" coveredstatements="6" conditionals="0" coveredconditionals="0" methods="4" coveredmethods="3"/>
      <file name="Shoes.jsx" path="C:\Users\User\Desktop\Projects\JS24\Termin-3\CD_CI\individuell-examination-main\strajk-bowling\src\components\Shoes\Shoes.jsx">
        <metrics statements="7" coveredstatements="6" conditionals="0" coveredconditionals="0" methods="4" coveredmethods="3"/>
        <line num="7" count="73" type="stmt"/>
        <line num="8" count="68" type="stmt"/>
        <line num="10" count="68" type="stmt"/>
        <line num="22" count="0" type="stmt"/>
        <line num="30" count="68" type="stmt"/>
        <line num="33" count="73" type="stmt"/>
        <line num="42" count="11" type="stmt"/>
      </file>
    </package>
    <package name="src.components.Top">
      <metrics statements="1" coveredstatements="1" conditionals="0" coveredconditionals="0" methods="1" coveredmethods="1"/>
      <file name="Top.jsx" path="C:\Users\User\Desktop\Projects\JS24\Termin-3\CD_CI\individuell-examination-main\strajk-bowling\src\components\Top\Top.jsx">
        <metrics statements="1" coveredstatements="1" conditionals="0" coveredconditionals="0" methods="1" coveredmethods="1"/>
        <line num="5" count="75" type="stmt"/>
      </file>
    </package>
    <package name="src.views">
      <metrics statements="52" coveredstatements="48" conditionals="32" coveredconditionals="26" methods="19" coveredmethods="17"/>
      <file name="Booking.jsx" path="C:\Users\User\Desktop\Projects\JS24\Termin-3\CD_CI\individuell-examination-main\strajk-bowling\src\views\Booking.jsx">
        <metrics statements="49" coveredstatements="45" conditionals="26" coveredconditionals="23" methods="18" coveredmethods="16"/>
        <line num="12" count="84" type="stmt"/>
        <line num="18" count="84" type="stmt"/>
        <line num="19" count="84" type="stmt"/>
        <line num="20" count="84" type="stmt"/>
        <line num="23" count="32" type="stmt"/>
        <line num="24" count="32" type="stmt"/>
        <line num="26" count="32" type="stmt"/>
        <line num="33" count="22" type="stmt"/>
        <line num="34" count="22" type="stmt"/>
        <line num="36" count="22" type="cond" truecount="4" falsecount="0"/>
        <line num="37" count="11" type="stmt"/>
        <line num="38" count="11" type="stmt"/>
        <line num="39" count="37" type="cond" truecount="2" falsecount="0"/>
        <line num="46" count="11" type="stmt"/>
        <line num="48" count="11" type="stmt"/>
        <line num="52" count="0" type="stmt"/>
        <line num="54" count="0" type="stmt"/>
        <line num="58" count="4" type="stmt"/>
        <line num="60" count="11" type="cond" truecount="1" falsecount="1"/>
        <line num="62" count="4" type="stmt"/>
        <line num="66" count="4" type="stmt"/>
        <line num="67" count="4" type="stmt"/>
        <line num="69" count="4" type="cond" truecount="2" falsecount="0"/>
        <line num="71" count="1" type="stmt"/>
        <line num="75" count="3" type="stmt"/>
        <line num="85" count="3" type="stmt"/>
        <line num="87" count="3" type="stmt"/>
        <line num="91" count="4" type="stmt"/>
        <line num="95" count="3" type="stmt"/>
        <line num="96" count="3" type="stmt"/>
        <line num="98" count="3" type="stmt"/>
        <line num="103" count="9" type="stmt"/>
        <line num="105" count="9" type="cond" truecount="6" falsecount="0"/>
        <line num="106" count="5" type="stmt"/>
        <line num="107" count="4" type="cond" truecount="1" falsecount="1"/>
        <line num="108" count="0" type="stmt"/>
        <line num="109" count="4" type="cond" truecount="1" falsecount="1"/>
        <line num="110" count="0" type="stmt"/>
        <line num="111" count="4" type="cond" truecount="2" falsecount="0"/>
        <line num="112" count="1" type="stmt"/>
        <line num="115" count="9" type="cond" truecount="2" falsecount="0"/>
        <line num="116" count="6" type="stmt"/>
        <line num="117" count="6" type="stmt"/>
        <line num="120" count="3" type="stmt"/>
        <line num="124" count="6" type="stmt"/>
        <line num="127" count="3" type="stmt"/>
        <line num="128" count="3" type="stmt"/>
        <line num="130" count="3" type="stmt"/>
        <line num="135" count="84" type="stmt"/>
      </file>
      <file name="Confirmation.jsx" path="C:\Users\User\Desktop\Projects\JS24\Termin-3\CD_CI\individuell-examination-main\strajk-bowling\src\views\Confirmation.jsx">
        <metrics statements="3" coveredstatements="3" conditionals="6" coveredconditionals="3" methods="1" coveredmethods="1"/>
        <line num="9" count="2" type="stmt"/>
        <line num="12" count="2" type="cond" truecount="1" falsecount="1"/>
        <line num="15" count="2" type="stmt"/>
      </file>
    </package>
  </project>
</coverage>
