{"C:\\Users\\User\\Desktop\\Projects\\JS24\\Termin-3\\CD_CI\\individuell-examination-main\\strajk-bowling\\src\\App.jsx": {"path":"C:\\Users\\User\\Desktop\\Projects\\JS24\\Termin-3\\CD_CI\\individuell-examination-main\\strajk-bowling\\src\\App.jsx","statementMap":{"0":{"start":{"line":8,"column":2},"end":{"line":11,"column":null}}},"fnMap":{"0":{"name":"App","decl":{"start":{"line":6,"column":9},"end":{"line":6,"column":15}},"loc":{"start":{"line":6,"column":15},"end":{"line":13,"column":null}},"line":6}},"branchMap":{},"s":{"0":0},"f":{"0":0},"b":{},"meta":{"lastBranch":0,"lastFunction":1,"lastStatement":1,"seen":{"f:6:9:6:15":0,"s:8:2:11:Infinity":0}}}
,"C:\\Users\\User\\Desktop\\Projects\\JS24\\Termin-3\\CD_CI\\individuell-examination-main\\strajk-bowling\\src\\main.jsx": {"path":"C:\\Users\\User\\Desktop\\Projects\\JS24\\Termin-3\\CD_CI\\individuell-examination-main\\strajk-bowling\\src\\main.jsx","statementMap":{"0":{"start":{"line":6,"column":0},"end":{"line":10,"column":null}}},"fnMap":{},"branchMap":{},"s":{"0":0},"f":{},"b":{},"meta":{"lastBranch":0,"lastFunction":0,"lastStatement":1,"seen":{"s:6:0:10:Infinity":0}}}
,"C:\\Users\\User\\Desktop\\Projects\\JS24\\Termin-3\\CD_CI\\individuell-examination-main\\strajk-bowling\\src\\router.jsx": {"path":"C:\\Users\\User\\Desktop\\Projects\\JS24\\Termin-3\\CD_CI\\individuell-examination-main\\strajk-bowling\\src\\router.jsx","statementMap":{"0":{"start":{"line":6,"column":6},"end":{"line":15,"column":null}}},"fnMap":{},"branchMap":{},"s":{"0":0},"f":{},"b":{},"meta":{"lastBranch":0,"lastFunction":0,"lastStatement":1,"seen":{"s:6:6:15:Infinity":0}}}
,"C:\\Users\\User\\Desktop\\Projects\\JS24\\Termin-3\\CD_CI\\individuell-examination-main\\strajk-bowling\\src\\__tests__\\mocks\\handlers.js": {"path":"C:\\Users\\User\\Desktop\\Projects\\JS24\\Termin-3\\CD_CI\\individuell-examination-main\\strajk-bowling\\src\\__tests__\\mocks\\handlers.js","statementMap":{"0":{"start":{"line":4,"column":2},"end":{"line":4,"column":67}},"1":{"start":{"line":6,"column":24},"end":{"line":20,"column":1}},"2":{"start":{"line":8,"column":4},"end":{"line":18,"column":7}},"3":{"start":{"line":22,"column":37},"end":{"line":35,"column":1}},"4":{"start":{"line":23,"column":2},"end":{"line":34,"column":5}}},"fnMap":{"0":{"name":"(anonymous_0)","decl":{"start":{"line":7,"column":21},"end":{"line":7,"column":22}},"loc":{"start":{"line":7,"column":27},"end":{"line":19,"column":3}},"line":7},"1":{"name":"(anonymous_1)","decl":{"start":{"line":22,"column":37},"end":{"line":22,"column":38}},"loc":{"start":{"line":22,"column":57},"end":{"line":35,"column":1}},"line":22}},"branchMap":{"0":{"loc":{"start":{"line":22,"column":38},"end":{"line":22,"column":52}},"type":"default-arg","locations":[{"start":{"line":22,"column":50},"end":{"line":22,"column":52}}],"line":22}},"s":{"0":4,"1":4,"2":3,"3":4,"4":0},"f":{"0":3,"1":0},"b":{"0":[0]},"meta":{"lastBranch":1,"lastFunction":2,"lastStatement":5,"seen":{"s:4:2:4:67":0,"s:6:24:20:1":1,"f:7:21:7:22":0,"s:8:4:18:7":2,"s:22:37:35:1":3,"f:22:37:22:38":1,"b:22:50:22:52":0,"s:23:2:34:5":4}}}
,"C:\\Users\\User\\Desktop\\Projects\\JS24\\Termin-3\\CD_CI\\individuell-examination-main\\strajk-bowling\\src\\__tests__\\mocks\\server.js": {"path":"C:\\Users\\User\\Desktop\\Projects\\JS24\\Termin-3\\CD_CI\\individuell-examination-main\\strajk-bowling\\src\\__tests__\\mocks\\server.js","statementMap":{"0":{"start":{"line":4,"column":21},"end":{"line":4,"column":null}}},"fnMap":{},"branchMap":{},"s":{"0":4},"f":{},"b":{},"meta":{"lastBranch":0,"lastFunction":0,"lastStatement":1,"seen":{"s:4:21:4:Infinity":0}}}
,"C:\\Users\\User\\Desktop\\Projects\\JS24\\Termin-3\\CD_CI\\individuell-examination-main\\strajk-bowling\\src\\components\\BookingInfo\\BookingInfo.jsx": {"path":"C:\\Users\\User\\Desktop\\Projects\\JS24\\Termin-3\\CD_CI\\individuell-examination-main\\strajk-bowling\\src\\components\\BookingInfo\\BookingInfo.jsx","statementMap":{"0":{"start":{"line":6,"column":2},"end":{"line":44,"column":null}}},"fnMap":{"0":{"name":"BookingInfo","decl":{"start":{"line":5,"column":9},"end":{"line":5,"column":21}},"loc":{"start":{"line":5,"column":47},"end":{"line":46,"column":null}},"line":5}},"branchMap":{},"s":{"0":73},"f":{"0":73},"b":{},"meta":{"lastBranch":0,"lastFunction":1,"lastStatement":1,"seen":{"f:5:9:5:21":0,"s:6:2:44:Infinity":0}}}
,"C:\\Users\\User\\Desktop\\Projects\\JS24\\Termin-3\\CD_CI\\individuell-examination-main\\strajk-bowling\\src\\components\\ErrorMessage\\ErrorMessage.jsx": {"path":"C:\\Users\\User\\Desktop\\Projects\\JS24\\Termin-3\\CD_CI\\individuell-examination-main\\strajk-bowling\\src\\components\\ErrorMessage\\ErrorMessage.jsx","statementMap":{"0":{"start":{"line":4,"column":2},"end":{"line":7,"column":null}}},"fnMap":{"0":{"name":"ErrorMessage","decl":{"start":{"line":3,"column":9},"end":{"line":3,"column":22}},"loc":{"start":{"line":3,"column":35},"end":{"line":9,"column":null}},"line":3}},"branchMap":{},"s":{"0":6},"f":{"0":6},"b":{},"meta":{"lastBranch":0,"lastFunction":1,"lastStatement":1,"seen":{"f:3:9:3:22":0,"s:4:2:7:Infinity":0}}}
,"C:\\Users\\User\\Desktop\\Projects\\JS24\\Termin-3\\CD_CI\\individuell-examination-main\\strajk-bowling\\src\\components\\Input\\Input.jsx": {"path":"C:\\Users\\User\\Desktop\\Projects\\JS24\\Termin-3\\CD_CI\\individuell-examination-main\\strajk-bowling\\src\\components\\Input\\Input.jsx","statementMap":{"0":{"start":{"line":13,"column":18},"end":{"line":13,"column":null}},"1":{"start":{"line":14,"column":2},"end":{"line":29,"column":null}}},"fnMap":{"0":{"name":"Input","decl":{"start":{"line":3,"column":9},"end":{"line":3,"column":15}},"loc":{"start":{"line":12,"column":3},"end":{"line":31,"column":null}},"line":12}},"branchMap":{"0":{"loc":{"start":{"line":22,"column":35},"end":{"line":22,"column":65}},"type":"cond-expr","locations":[{"start":{"line":22,"column":49},"end":{"line":22,"column":63}},{"start":{"line":22,"column":63},"end":{"line":22,"column":65}}],"line":22},"1":{"loc":{"start":{"line":25,"column":22},"end":{"line":25,"column":null}},"type":"cond-expr","locations":[{"start":{"line":25,"column":37},"end":{"line":25,"column":52}},{"start":{"line":25,"column":52},"end":{"line":25,"column":null}}],"line":25}},"s":{"0":368,"1":368},"f":{"0":368},"b":{"0":[295,73],"1":[8,360]},"meta":{"lastBranch":2,"lastFunction":1,"lastStatement":2,"seen":{"f:3:9:3:15":0,"s:13:18:13:Infinity":0,"s:14:2:29:Infinity":1,"b:22:49:22:63:22:63:22:65":0,"b:25:37:25:52:25:52:25:Infinity":1}}}
,"C:\\Users\\User\\Desktop\\Projects\\JS24\\Termin-3\\CD_CI\\individuell-examination-main\\strajk-bowling\\src\\components\\Navigation\\Navigation.jsx": {"path":"C:\\Users\\User\\Desktop\\Projects\\JS24\\Termin-3\\CD_CI\\individuell-examination-main\\strajk-bowling\\src\\components\\Navigation\\Navigation.jsx","statementMap":{"0":{"start":{"line":7,"column":10},"end":{"line":7,"column":null}},"1":{"start":{"line":8,"column":32},"end":{"line":8,"column":null}},"2":{"start":{"line":10,"column":4},"end":{"line":18,"column":null}},"3":{"start":{"line":13,"column":30},"end":{"line":13,"column":53}},"4":{"start":{"line":15,"column":30},"end":{"line":15,"column":44}},"5":{"start":{"line":17,"column":30},"end":{"line":17,"column":56}}},"fnMap":{"0":{"name":"Navigation","decl":{"start":{"line":6,"column":9},"end":{"line":6,"column":22}},"loc":{"start":{"line":6,"column":22},"end":{"line":20,"column":null}},"line":6},"1":{"name":"(anonymous_1)","decl":{"start":{"line":13,"column":22},"end":{"line":13,"column":28}},"loc":{"start":{"line":13,"column":28},"end":{"line":13,"column":56}},"line":13},"2":{"name":"(anonymous_2)","decl":{"start":{"line":15,"column":22},"end":{"line":15,"column":28}},"loc":{"start":{"line":15,"column":28},"end":{"line":15,"column":47}},"line":15},"3":{"name":"(anonymous_3)","decl":{"start":{"line":17,"column":22},"end":{"line":17,"column":28}},"loc":{"start":{"line":17,"column":28},"end":{"line":17,"column":59}},"line":17}},"branchMap":{"0":{"loc":{"start":{"line":11,"column":40},"end":{"line":11,"column":68}},"type":"cond-expr","locations":[{"start":{"line":11,"column":51},"end":{"line":11,"column":65}},{"start":{"line":11,"column":65},"end":{"line":11,"column":68}}],"line":11},"1":{"loc":{"start":{"line":14,"column":57},"end":{"line":14,"column":80}},"type":"cond-expr","locations":[{"start":{"line":14,"column":68},"end":{"line":14,"column":73}},{"start":{"line":14,"column":73},"end":{"line":14,"column":80}}],"line":14},"2":{"loc":{"start":{"line":16,"column":57},"end":{"line":16,"column":80}},"type":"cond-expr","locations":[{"start":{"line":16,"column":68},"end":{"line":16,"column":73}},{"start":{"line":16,"column":73},"end":{"line":16,"column":80}}],"line":16}},"s":{"0":75,"1":75,"2":75,"3":0,"4":0,"5":0},"f":{"0":75,"1":0,"2":0,"3":0},"b":{"0":[0,75],"1":[0,75],"2":[0,75]},"meta":{"lastBranch":3,"lastFunction":4,"lastStatement":6,"seen":{"f:6:9:6:22":0,"s:7:10:7:Infinity":0,"s:8:32:8:Infinity":1,"s:10:4:18:Infinity":2,"b:11:51:11:65:11:65:11:68":0,"f:13:22:13:28":1,"s:13:30:13:53":3,"b:14:68:14:73:14:73:14:80":1,"f:15:22:15:28":2,"s:15:30:15:44":4,"b:16:68:16:73:16:73:16:80":2,"f:17:22:17:28":3,"s:17:30:17:56":5}}}
,"C:\\Users\\User\\Desktop\\Projects\\JS24\\Termin-3\\CD_CI\\individuell-examination-main\\strajk-bowling\\src\\components\\Shoes\\Shoes.jsx": {"path":"C:\\Users\\User\\Desktop\\Projects\\JS24\\Termin-3\\CD_CI\\individuell-examination-main\\strajk-bowling\\src\\components\\Shoes\\Shoes.jsx","statementMap":{"0":{"start":{"line":7,"column":20},"end":{"line":31,"column":null}},"1":{"start":{"line":8,"column":18},"end":{"line":8,"column":null}},"2":{"start":{"line":10,"column":6},"end":{"line":27,"column":null}},"3":{"start":{"line":22,"column":12},"end":{"line":22,"column":null}},"4":{"start":{"line":30,"column":4},"end":{"line":30,"column":null}},"5":{"start":{"line":33,"column":2},"end":{"line":47,"column":null}},"6":{"start":{"line":42,"column":10},"end":{"line":42,"column":null}}},"fnMap":{"0":{"name":"Shoes","decl":{"start":{"line":6,"column":9},"end":{"line":6,"column":15}},"loc":{"start":{"line":6,"column":59},"end":{"line":49,"column":null}},"line":6},"1":{"name":"(anonymous_1)","decl":{"start":{"line":7,"column":30},"end":{"line":7,"column":31}},"loc":{"start":{"line":7,"column":48},"end":{"line":31,"column":3}},"line":7},"2":{"name":"(anonymous_2)","decl":{"start":{"line":21,"column":19},"end":{"line":21,"column":25}},"loc":{"start":{"line":21,"column":25},"end":{"line":23,"column":null}},"line":21},"3":{"name":"(anonymous_3)","decl":{"start":{"line":41,"column":17},"end":{"line":41,"column":23}},"loc":{"start":{"line":41,"column":23},"end":{"line":43,"column":null}},"line":41}},"branchMap":{},"s":{"0":73,"1":68,"2":68,"3":0,"4":68,"5":73,"6":11},"f":{"0":73,"1":68,"2":0,"3":11},"b":{},"meta":{"lastBranch":0,"lastFunction":4,"lastStatement":7,"seen":{"f:6:9:6:15":0,"s:7:20:31:Infinity":0,"f:7:30:7:31":1,"s:8:18:8:Infinity":1,"s:10:6:27:Infinity":2,"f:21:19:21:25":2,"s:22:12:22:Infinity":3,"s:30:4:30:Infinity":4,"s:33:2:47:Infinity":5,"f:41:17:41:23":3,"s:42:10:42:Infinity":6}}}
,"C:\\Users\\User\\Desktop\\Projects\\JS24\\Termin-3\\CD_CI\\individuell-examination-main\\strajk-bowling\\src\\components\\Top\\Top.jsx": {"path":"C:\\Users\\User\\Desktop\\Projects\\JS24\\Termin-3\\CD_CI\\individuell-examination-main\\strajk-bowling\\src\\components\\Top\\Top.jsx","statementMap":{"0":{"start":{"line":5,"column":4},"end":{"line":9,"column":null}}},"fnMap":{"0":{"name":"Top","decl":{"start":{"line":4,"column":9},"end":{"line":4,"column":13}},"loc":{"start":{"line":4,"column":24},"end":{"line":11,"column":null}},"line":4}},"branchMap":{},"s":{"0":75},"f":{"0":75},"b":{},"meta":{"lastBranch":0,"lastFunction":1,"lastStatement":1,"seen":{"f:4:9:4:13":0,"s:5:4:9:Infinity":0}}}
,"C:\\Users\\User\\Desktop\\Projects\\JS24\\Termin-3\\CD_CI\\individuell-examination-main\\strajk-bowling\\src\\views\\Booking.jsx": {"path":"C:\\Users\\User\\Desktop\\Projects\\JS24\\Termin-3\\CD_CI\\individuell-examination-main\\strajk-bowling\\src\\views\\Booking.jsx","statementMap":{"0":{"start":{"line":12,"column":28},"end":{"line":17,"column":null}},"1":{"start":{"line":18,"column":24},"end":{"line":18,"column":null}},"2":{"start":{"line":19,"column":24},"end":{"line":19,"column":null}},"3":{"start":{"line":20,"column":8},"end":{"line":20,"column":null}},"4":{"start":{"line":23,"column":28},"end":{"line":23,"column":null}},"5":{"start":{"line":24,"column":4},"end":{"line":24,"column":null}},"6":{"start":{"line":26,"column":4},"end":{"line":29,"column":null}},"7":{"start":{"line":26,"column":31},"end":{"line":29,"column":6}},"8":{"start":{"line":33,"column":28},"end":{"line":33,"column":null}},"9":{"start":{"line":34,"column":4},"end":{"line":34,"column":null}},"10":{"start":{"line":36,"column":4},"end":{"line":42,"column":null}},"11":{"start":{"line":37,"column":6},"end":{"line":41,"column":null}},"12":{"start":{"line":38,"column":8},"end":{"line":40,"column":null}},"13":{"start":{"line":39,"column":10},"end":{"line":39,"column":null}},"14":{"start":{"line":46,"column":4},"end":{"line":46,"column":null}},"15":{"start":{"line":48,"column":4},"end":{"line":48,"column":null}},"16":{"start":{"line":52,"column":4},"end":{"line":52,"column":null}},"17":{"start":{"line":54,"column":4},"end":{"line":54,"column":null}},"18":{"start":{"line":54,"column":36},"end":{"line":54,"column":52}},"19":{"start":{"line":58,"column":17},"end":{"line":58,"column":null}},"20":{"start":{"line":60,"column":4},"end":{"line":60,"column":null}},"21":{"start":{"line":60,"column":25},"end":{"line":60,"column":74}},"22":{"start":{"line":62,"column":4},"end":{"line":62,"column":null}},"23":{"start":{"line":66,"column":33},"end":{"line":66,"column":null}},"24":{"start":{"line":67,"column":29},"end":{"line":67,"column":null}},"25":{"start":{"line":69,"column":4},"end":{"line":69,"column":null}},"26":{"start":{"line":69,"column":44},"end":{"line":69,"column":null}},"27":{"start":{"line":71,"column":4},"end":{"line":71,"column":null}},"28":{"start":{"line":75,"column":21},"end":{"line":84,"column":null}},"29":{"start":{"line":85,"column":17},"end":{"line":85,"column":null}},"30":{"start":{"line":87,"column":4},"end":{"line":87,"column":null}},"31":{"start":{"line":91,"column":4},"end":{"line":91,"column":null}},"32":{"start":{"line":95,"column":4},"end":{"line":99,"column":null}},"33":{"start":{"line":96,"column":6},"end":{"line":96,"column":null}},"34":{"start":{"line":98,"column":6},"end":{"line":98,"column":null}},"35":{"start":{"line":103,"column":23},"end":{"line":103,"column":null}},"36":{"start":{"line":105,"column":4},"end":{"line":113,"column":null}},"37":{"start":{"line":106,"column":6},"end":{"line":106,"column":null}},"38":{"start":{"line":107,"column":4},"end":{"line":113,"column":null}},"39":{"start":{"line":108,"column":6},"end":{"line":108,"column":null}},"40":{"start":{"line":109,"column":4},"end":{"line":113,"column":null}},"41":{"start":{"line":110,"column":6},"end":{"line":110,"column":null}},"42":{"start":{"line":111,"column":4},"end":{"line":113,"column":null}},"43":{"start":{"line":112,"column":6},"end":{"line":112,"column":null}},"44":{"start":{"line":115,"column":4},"end":{"line":118,"column":null}},"45":{"start":{"line":116,"column":6},"end":{"line":116,"column":null}},"46":{"start":{"line":117,"column":6},"end":{"line":117,"column":null}},"47":{"start":{"line":120,"column":24},"end":{"line":125,"column":null}},"48":{"start":{"line":124,"column":33},"end":{"line":124,"column":42}},"49":{"start":{"line":127,"column":25},"end":{"line":127,"column":null}},"50":{"start":{"line":128,"column":4},"end":{"line":128,"column":null}},"51":{"start":{"line":130,"column":4},"end":{"line":132,"column":null}},"52":{"start":{"line":135,"column":2},"end":{"line":150,"column":null}}},"fnMap":{"0":{"name":"Booking","decl":{"start":{"line":11,"column":9},"end":{"line":11,"column":19}},"loc":{"start":{"line":11,"column":19},"end":{"line":152,"column":null}},"line":11},"1":{"name":"updateBookingDetails","decl":{"start":{"line":22,"column":11},"end":{"line":22,"column":32}},"loc":{"start":{"line":22,"column":39},"end":{"line":30,"column":null}},"line":22},"2":{"name":"(anonymous_2)","decl":{"start":{"line":26,"column":15},"end":{"line":26,"column":16}},"loc":{"start":{"line":26,"column":31},"end":{"line":29,"column":6}},"line":26},"3":{"name":"updateSize","decl":{"start":{"line":32,"column":11},"end":{"line":32,"column":22}},"loc":{"start":{"line":32,"column":29},"end":{"line":43,"column":null}},"line":32},"4":{"name":"(anonymous_4)","decl":{"start":{"line":37,"column":15},"end":{"line":37,"column":16}},"loc":{"start":{"line":38,"column":8},"end":{"line":40,"column":null}},"line":38},"5":{"name":"(anonymous_5)","decl":{"start":{"line":38,"column":22},"end":{"line":38,"column":23}},"loc":{"start":{"line":39,"column":10},"end":{"line":39,"column":null}},"line":39},"6":{"name":"addShoe","decl":{"start":{"line":45,"column":11},"end":{"line":45,"column":19}},"loc":{"start":{"line":45,"column":25},"end":{"line":49,"column":null}},"line":45},"7":{"name":"removeShoe","decl":{"start":{"line":51,"column":11},"end":{"line":51,"column":22}},"loc":{"start":{"line":51,"column":28},"end":{"line":55,"column":null}},"line":51},"8":{"name":"(anonymous_8)","decl":{"start":{"line":54,"column":26},"end":{"line":54,"column":27}},"loc":{"start":{"line":54,"column":36},"end":{"line":54,"column":52}},"line":54},"9":{"name":"isShoeSizesFilled","decl":{"start":{"line":57,"column":11},"end":{"line":57,"column":31}},"loc":{"start":{"line":57,"column":31},"end":{"line":63,"column":null}},"line":57},"10":{"name":"(anonymous_10)","decl":{"start":{"line":60,"column":14},"end":{"line":60,"column":15}},"loc":{"start":{"line":60,"column":25},"end":{"line":60,"column":74}},"line":60},"11":{"name":"checkPlayersAndLanes","decl":{"start":{"line":65,"column":11},"end":{"line":65,"column":34}},"loc":{"start":{"line":65,"column":34},"end":{"line":72,"column":null}},"line":65},"12":{"name":"sendBooking","decl":{"start":{"line":74,"column":17},"end":{"line":74,"column":29}},"loc":{"start":{"line":74,"column":42},"end":{"line":88,"column":null}},"line":74},"13":{"name":"comparePeopleAndShoes","decl":{"start":{"line":90,"column":11},"end":{"line":90,"column":35}},"loc":{"start":{"line":90,"column":35},"end":{"line":92,"column":null}},"line":90},"14":{"name":"saveConfirmation","decl":{"start":{"line":94,"column":11},"end":{"line":94,"column":28}},"loc":{"start":{"line":94,"column":42},"end":{"line":100,"column":null}},"line":94},"15":{"name":"(anonymous_15)","decl":{"start":{"line":95,"column":23},"end":{"line":95,"column":24}},"loc":{"start":{"line":95,"column":36},"end":{"line":99,"column":5}},"line":95},"16":{"name":"book","decl":{"start":{"line":102,"column":17},"end":{"line":102,"column":24}},"loc":{"start":{"line":102,"column":24},"end":{"line":133,"column":null}},"line":102},"17":{"name":"(anonymous_17)","decl":{"start":{"line":124,"column":23},"end":{"line":124,"column":24}},"loc":{"start":{"line":124,"column":33},"end":{"line":124,"column":42}},"line":124}},"branchMap":{"0":{"loc":{"start":{"line":36,"column":4},"end":{"line":42,"column":null}},"type":"if","locations":[{"start":{"line":36,"column":4},"end":{"line":42,"column":null}},{"start":{},"end":{}}],"line":36},"1":{"loc":{"start":{"line":36,"column":8},"end":{"line":36,"column":50}},"type":"binary-expr","locations":[{"start":{"line":36,"column":8},"end":{"line":36,"column":30}},{"start":{"line":36,"column":30},"end":{"line":36,"column":50}}],"line":36},"2":{"loc":{"start":{"line":39,"column":10},"end":{"line":39,"column":null}},"type":"cond-expr","locations":[{"start":{"line":39,"column":29},"end":{"line":39,"column":56}},{"start":{"line":39,"column":56},"end":{"line":39,"column":null}}],"line":39},"3":{"loc":{"start":{"line":60,"column":25},"end":{"line":60,"column":74}},"type":"cond-expr","locations":[{"start":{"line":60,"column":48},"end":{"line":60,"column":58}},{"start":{"line":60,"column":58},"end":{"line":60,"column":74}}],"line":60},"4":{"loc":{"start":{"line":69,"column":4},"end":{"line":69,"column":null}},"type":"if","locations":[{"start":{"line":69,"column":4},"end":{"line":69,"column":null}},{"start":{},"end":{}}],"line":69},"5":{"loc":{"start":{"line":105,"column":4},"end":{"line":113,"column":null}},"type":"if","locations":[{"start":{"line":105,"column":4},"end":{"line":113,"column":null}},{"start":{"line":107,"column":4},"end":{"line":113,"column":null}}],"line":105},"6":{"loc":{"start":{"line":105,"column":8},"end":{"line":105,"column":77}},"type":"binary-expr","locations":[{"start":{"line":105,"column":8},"end":{"line":105,"column":25}},{"start":{"line":105,"column":25},"end":{"line":105,"column":43}},{"start":{"line":105,"column":43},"end":{"line":105,"column":60}},{"start":{"line":105,"column":60},"end":{"line":105,"column":77}}],"line":105},"7":{"loc":{"start":{"line":107,"column":4},"end":{"line":113,"column":null}},"type":"if","locations":[{"start":{"line":107,"column":4},"end":{"line":113,"column":null}},{"start":{"line":109,"column":4},"end":{"line":113,"column":null}}],"line":107},"8":{"loc":{"start":{"line":109,"column":4},"end":{"line":113,"column":null}},"type":"if","locations":[{"start":{"line":109,"column":4},"end":{"line":113,"column":null}},{"start":{"line":111,"column":4},"end":{"line":113,"column":null}}],"line":109},"9":{"loc":{"start":{"line":111,"column":4},"end":{"line":113,"column":null}},"type":"if","locations":[{"start":{"line":111,"column":4},"end":{"line":113,"column":null}},{"start":{},"end":{}}],"line":111},"10":{"loc":{"start":{"line":115,"column":4},"end":{"line":118,"column":null}},"type":"if","locations":[{"start":{"line":115,"column":4},"end":{"line":118,"column":null}},{"start":{},"end":{}}],"line":115},"11":{"loc":{"start":{"line":149,"column":7},"end":{"line":149,"column":null}},"type":"cond-expr","locations":[{"start":{"line":149,"column":15},"end":{"line":149,"column":50}},{"start":{"line":149,"column":50},"end":{"line":149,"column":null}}],"line":149}},"s":{"0":84,"1":84,"2":84,"3":84,"4":32,"5":32,"6":32,"7":32,"8":22,"9":22,"10":22,"11":11,"12":11,"13":37,"14":11,"15":11,"16":0,"17":0,"18":0,"19":4,"20":4,"21":11,"22":4,"23":4,"24":4,"25":4,"26":3,"27":1,"28":3,"29":3,"30":3,"31":4,"32":3,"33":3,"34":3,"35":9,"36":9,"37":5,"38":4,"39":0,"40":4,"41":0,"42":4,"43":1,"44":9,"45":6,"46":6,"47":3,"48":6,"49":3,"50":3,"51":3,"52":84},"f":{"0":84,"1":32,"2":32,"3":22,"4":11,"5":37,"6":11,"7":0,"8":0,"9":4,"10":11,"11":4,"12":3,"13":4,"14":3,"15":3,"16":9,"17":6},"b":{"0":[11,11],"1":[22,11],"2":[11,26],"3":[11,0],"4":[3,1],"5":[5,4],"6":[9,7,6,5],"7":[0,4],"8":[0,4],"9":[1,3],"10":[6,3],"11":[6,78]},"meta":{"lastBranch":12,"lastFunction":18,"lastStatement":53,"seen":{"f:11:9:11:19":0,"s:12:28:17:Infinity":0,"s:18:24:18:Infinity":1,"s:19:24:19:Infinity":2,"s:20:8:20:Infinity":3,"f:22:11:22:32":1,"s:23:28:23:Infinity":4,"s:24:4:24:Infinity":5,"s:26:4:29:Infinity":6,"f:26:15:26:16":2,"s:26:31:29:6":7,"f:32:11:32:22":3,"s:33:28:33:Infinity":8,"s:34:4:34:Infinity":9,"b:36:4:42:Infinity:undefined:undefined:undefined:undefined":0,"s:36:4:42:Infinity":10,"b:36:8:36:30:36:30:36:50":1,"s:37:6:41:Infinity":11,"f:37:15:37:16":4,"s:38:8:40:Infinity":12,"f:38:22:38:23":5,"s:39:10:39:Infinity":13,"b:39:29:39:56:39:56:39:Infinity":2,"f:45:11:45:19":6,"s:46:4:46:Infinity":14,"s:48:4:48:Infinity":15,"f:51:11:51:22":7,"s:52:4:52:Infinity":16,"s:54:4:54:Infinity":17,"f:54:26:54:27":8,"s:54:36:54:52":18,"f:57:11:57:31":9,"s:58:17:58:Infinity":19,"s:60:4:60:Infinity":20,"f:60:14:60:15":10,"s:60:25:60:74":21,"b:60:48:60:58:60:58:60:74":3,"s:62:4:62:Infinity":22,"f:65:11:65:34":11,"s:66:33:66:Infinity":23,"s:67:29:67:Infinity":24,"b:69:4:69:Infinity:undefined:undefined:undefined:undefined":4,"s:69:4:69:Infinity":25,"s:69:44:69:Infinity":26,"s:71:4:71:Infinity":27,"f:74:17:74:29":12,"s:75:21:84:Infinity":28,"s:85:17:85:Infinity":29,"s:87:4:87:Infinity":30,"f:90:11:90:35":13,"s:91:4:91:Infinity":31,"f:94:11:94:28":14,"s:95:4:99:Infinity":32,"f:95:23:95:24":15,"s:96:6:96:Infinity":33,"s:98:6:98:Infinity":34,"f:102:17:102:24":16,"s:103:23:103:Infinity":35,"b:105:4:113:Infinity:107:4:113:Infinity":5,"s:105:4:113:Infinity":36,"b:105:8:105:25:105:25:105:43:105:43:105:60:105:60:105:77":6,"s:106:6:106:Infinity":37,"b:107:4:113:Infinity:109:4:113:Infinity":7,"s:107:4:113:Infinity":38,"s:108:6:108:Infinity":39,"b:109:4:113:Infinity:111:4:113:Infinity":8,"s:109:4:113:Infinity":40,"s:110:6:110:Infinity":41,"b:111:4:113:Infinity:undefined:undefined:undefined:undefined":9,"s:111:4:113:Infinity":42,"s:112:6:112:Infinity":43,"b:115:4:118:Infinity:undefined:undefined:undefined:undefined":10,"s:115:4:118:Infinity":44,"s:116:6:116:Infinity":45,"s:117:6:117:Infinity":46,"s:120:24:125:Infinity":47,"f:124:23:124:24":17,"s:124:33:124:42":48,"s:127:25:127:Infinity":49,"s:128:4:128:Infinity":50,"s:130:4:132:Infinity":51,"s:135:2:150:Infinity":52,"b:149:15:149:50:149:50:149:Infinity":11}}}
,"C:\\Users\\User\\Desktop\\Projects\\JS24\\Termin-3\\CD_CI\\individuell-examination-main\\strajk-bowling\\src\\views\\Confirmation.jsx": {"path":"C:\\Users\\User\\Desktop\\Projects\\JS24\\Termin-3\\CD_CI\\individuell-examination-main\\strajk-bowling\\src\\views\\Confirmation.jsx","statementMap":{"0":{"start":{"line":9,"column":16},"end":{"line":9,"column":null}},"1":{"start":{"line":12,"column":4},"end":{"line":13,"column":null}},"2":{"start":{"line":15,"column":2},"end":{"line":60,"column":null}}},"fnMap":{"0":{"name":"Confirmation","decl":{"start":{"line":8,"column":9},"end":{"line":8,"column":24}},"loc":{"start":{"line":8,"column":24},"end":{"line":62,"column":null}},"line":8}},"branchMap":{"0":{"loc":{"start":{"line":12,"column":4},"end":{"line":13,"column":null}},"type":"binary-expr","locations":[{"start":{"line":12,"column":4},"end":{"line":12,"column":null}},{"start":{"line":13,"column":4},"end":{"line":13,"column":null}}],"line":12},"1":{"loc":{"start":{"line":19,"column":7},"end":{"line":58,"column":null}},"type":"cond-expr","locations":[{"start":{"line":20,"column":8},"end":{"line":56,"column":null}},{"start":{"line":58,"column":8},"end":{"line":58,"column":null}}],"line":19},"2":{"loc":{"start":{"line":19,"column":7},"end":{"line":19,"column":null}},"type":"binary-expr","locations":[{"start":{"line":19,"column":7},"end":{"line":19,"column":16}},{"start":{"line":19,"column":16},"end":{"line":19,"column":null}}],"line":19}},"s":{"0":2,"1":2,"2":2},"f":{"0":2},"b":{"0":[2,0],"1":[2,0],"2":[2,0]},"meta":{"lastBranch":3,"lastFunction":1,"lastStatement":3,"seen":{"f:8:9:8:24":0,"s:9:16:9:Infinity":0,"s:12:4:13:Infinity":1,"b:12:4:12:Infinity:13:4:13:Infinity":0,"s:15:2:60:Infinity":2,"b:20:8:56:Infinity:58:8:58:Infinity":1,"b:19:7:19:16:19:16:19:Infinity":2}}}
}
